This is pdfTeX, Version 3.14159265-2.6-1.40.16 (TeX Live 2015/Debian) (preloaded format=pdflatex 2021.2.12)  25 APR 2021 00:17
entering extended mode
 restricted \write18 enabled.
 %&-line parsing enabled.
**ee18btech11038.tex
(./ee18btech11038.tex
LaTeX2e <2016/02/01>
Babel <3.9q> and hyphenation patterns for 81 language(s) loaded.
(/usr/share/texlive/texmf-dist/tex/latex/base/article.cls
Document Class: article 2014/09/29 v1.4h Standard LaTeX document class
(/usr/share/texlive/texmf-dist/tex/latex/base/size10.clo
File: size10.clo 2014/09/29 v1.4h Standard LaTeX file (size option)
)
\c@part=\count79
\c@section=\count80
\c@subsection=\count81
\c@subsubsection=\count82
\c@paragraph=\count83
\c@subparagraph=\count84
\c@figure=\count85
\c@table=\count86
\abovecaptionskip=\skip41
\belowcaptionskip=\skip42
\bibindent=\dimen102
)
(/usr/share/texlive/texmf-dist/tex/latex/graphics/graphicx.sty
Package: graphicx 2014/10/28 v1.0g Enhanced LaTeX Graphics (DPC,SPQR)

(/usr/share/texlive/texmf-dist/tex/latex/graphics/keyval.sty
Package: keyval 2014/10/28 v1.15 key=value parser (DPC)
\KV@toks@=\toks14
)
(/usr/share/texlive/texmf-dist/tex/latex/graphics/graphics.sty
Package: graphics 2016/01/03 v1.0q Standard LaTeX Graphics (DPC,SPQR)

(/usr/share/texlive/texmf-dist/tex/latex/graphics/trig.sty
Package: trig 2016/01/03 v1.10 sin cos tan (DPC)
)
(/usr/share/texlive/texmf-dist/tex/latex/latexconfig/graphics.cfg
File: graphics.cfg 2010/04/23 v1.9 graphics configuration of TeX Live
)
Package graphics Info: Driver file: pdftex.def on input line 95.

(/usr/share/texlive/texmf-dist/tex/latex/pdftex-def/pdftex.def
File: pdftex.def 2011/05/27 v0.06d Graphics/color for pdfTeX

(/usr/share/texlive/texmf-dist/tex/generic/oberdiek/infwarerr.sty
Package: infwarerr 2010/04/08 v1.3 Providing info/warning/error messages (HO)
)
(/usr/share/texlive/texmf-dist/tex/generic/oberdiek/ltxcmds.sty
Package: ltxcmds 2011/11/09 v1.22 LaTeX kernel commands for general use (HO)
)
\Gread@gobject=\count87
))
\Gin@req@height=\dimen103
\Gin@req@width=\dimen104
)
(./ee18btech11038.aux)
\openout1 = `ee18btech11038.aux'.

LaTeX Font Info:    Checking defaults for OML/cmm/m/it on input line 9.
LaTeX Font Info:    ... okay on input line 9.
LaTeX Font Info:    Checking defaults for T1/cmr/m/n on input line 9.
LaTeX Font Info:    ... okay on input line 9.
LaTeX Font Info:    Checking defaults for OT1/cmr/m/n on input line 9.
LaTeX Font Info:    ... okay on input line 9.
LaTeX Font Info:    Checking defaults for OMS/cmsy/m/n on input line 9.
LaTeX Font Info:    ... okay on input line 9.
LaTeX Font Info:    Checking defaults for OMX/cmex/m/n on input line 9.
LaTeX Font Info:    ... okay on input line 9.
LaTeX Font Info:    Checking defaults for U/cmr/m/n on input line 9.
LaTeX Font Info:    ... okay on input line 9.

(/usr/share/texlive/texmf-dist/tex/context/base/supp-pdf.mkii
[Loading MPS to PDF converter (version 2006.09.02).]
\scratchcounter=\count88
\scratchdimen=\dimen105
\scratchbox=\box26
\nofMPsegments=\count89
\nofMParguments=\count90
\everyMPshowfont=\toks15
\MPscratchCnt=\count91
\MPscratchDim=\dimen106
\MPnumerator=\count92
\makeMPintoPDFobject=\count93
\everyMPtoPDFconversion=\toks16
) (/usr/share/texlive/texmf-dist/tex/generic/oberdiek/pdftexcmds.sty
Package: pdftexcmds 2011/11/29 v0.20 Utility functions of pdfTeX for LuaTeX (HO
)

(/usr/share/texlive/texmf-dist/tex/generic/oberdiek/ifluatex.sty
Package: ifluatex 2010/03/01 v1.3 Provides the ifluatex switch (HO)
Package ifluatex Info: LuaTeX not detected.
)
(/usr/share/texlive/texmf-dist/tex/generic/oberdiek/ifpdf.sty
Package: ifpdf 2011/01/30 v2.3 Provides the ifpdf switch (HO)
Package ifpdf Info: pdfTeX in PDF mode is detected.
)
Package pdftexcmds Info: LuaTeX not detected.
Package pdftexcmds Info: \pdf@primitive is available.
Package pdftexcmds Info: \pdf@ifprimitive is available.
Package pdftexcmds Info: \pdfdraftmode found.
)
(/usr/share/texlive/texmf-dist/tex/latex/oberdiek/epstopdf-base.sty
Package: epstopdf-base 2010/02/09 v2.5 Base part for package epstopdf

(/usr/share/texlive/texmf-dist/tex/latex/oberdiek/grfext.sty
Package: grfext 2010/08/19 v1.1 Manage graphics extensions (HO)

(/usr/share/texlive/texmf-dist/tex/generic/oberdiek/kvdefinekeys.sty
Package: kvdefinekeys 2011/04/07 v1.3 Define keys (HO)
))
(/usr/share/texlive/texmf-dist/tex/latex/oberdiek/kvoptions.sty
Package: kvoptions 2011/06/30 v3.11 Key value format for package options (HO)

(/usr/share/texlive/texmf-dist/tex/generic/oberdiek/kvsetkeys.sty
Package: kvsetkeys 2012/04/25 v1.16 Key value parser (HO)

(/usr/share/texlive/texmf-dist/tex/generic/oberdiek/etexcmds.sty
Package: etexcmds 2011/02/16 v1.5 Avoid name clashes with e-TeX commands (HO)
Package etexcmds Info: Could not find \expanded.
(etexcmds)             That can mean that you are not using pdfTeX 1.50 or
(etexcmds)             that some package has redefined \expanded.
(etexcmds)             In the latter case, load this package earlier.
)))
Package grfext Info: Graphics extension search list:
(grfext)             [.png,.pdf,.jpg,.mps,.jpeg,.jbig2,.jb2,.PNG,.PDF,.JPG,.JPE
G,.JBIG2,.JB2,.eps]
(grfext)             \AppendGraphicsExtensions on input line 452.

(/usr/share/texlive/texmf-dist/tex/latex/latexconfig/epstopdf-sys.cfg
File: epstopdf-sys.cfg 2010/07/13 v1.3 Configuration of (r)epstopdf for TeX Liv
e
))
LaTeX Font Info:    External font `cmex10' loaded for size
(Font)              <12> on input line 15.
LaTeX Font Info:    External font `cmex10' loaded for size
(Font)              <8> on input line 15.
LaTeX Font Info:    External font `cmex10' loaded for size
(Font)              <6> on input line 15.
LaTeX Font Info:    External font `cmex10' loaded for size
(Font)              <7> on input line 22.
LaTeX Font Info:    External font `cmex10' loaded for size
(Font)              <5> on input line 22.
LaTeX Font Info:    Try loading font information for OMS+cmr on input line 31.

(/usr/share/texlive/texmf-dist/tex/latex/base/omscmr.fd
File: omscmr.fd 2014/09/29 v2.5h Standard LaTeX font definitions
)
LaTeX Font Info:    Font shape `OMS/cmr/m/n' in size <10> not available
(Font)              Font shape `OMS/cmsy/m/n' tried instead on input line 31.
 [1

{/var/lib/texmf/fonts/map/pdftex/updmap/pdftex.map}]
Package epstopdf Info: Source file: <./figs/para_plot.eps>
(epstopdf)                    date: 2021-04-25 00:15:47
(epstopdf)                    size: 36700 bytes
(epstopdf)             Output file: <./figs/para_plot-eps-converted-to.pdf>
(epstopdf)                    date: 2021-04-25 00:16:05
(epstopdf)                    size: 15794 bytes
(epstopdf)             Command: <repstopdf --outfile=./figs/para_plot-eps-conve
rted-to.pdf ./figs/para_plot.eps>
(epstopdf)             \includegraphics on input line 89.
Package epstopdf Info: Output file is already uptodate.


pdfTeX warning: /usr/bin/pdflatex (file ./figs/para_plot-eps-converted-to.pdf):
 PDF inclusion: found PDF version <1.7>, but at most version <1.5> allowed
<./figs/para_plot-eps-converted-to.pdf, id=18, 462.52798pt x 346.89601pt>
File: ./figs/para_plot-eps-converted-to.pdf Graphic file (type pdf)

<use ./figs/para_plot-eps-converted-to.pdf>
Package pdftex.def Info: ./figs/para_plot-eps-converted-to.pdf used on input li
ne 89.
(pdftex.def)             Requested size: 426.79134pt x 320.11156pt.

Overfull \hbox (81.79134pt too wide) in paragraph at lines 89--90
[][] 
 []

Package epstopdf Info: Source file: <./figs/specs.eps>
(epstopdf)                    date: 2021-04-25 00:12:38
(epstopdf)                    size: 31858 bytes
(epstopdf)             Output file: <./figs/specs-eps-converted-to.pdf>
(epstopdf)                    date: 2021-04-25 00:13:07
(epstopdf)                    size: 42141 bytes
(epstopdf)             Command: <repstopdf --outfile=./figs/specs-eps-converted
-to.pdf ./figs/specs.eps>
(epstopdf)             \includegraphics on input line 95.
Package epstopdf Info: Output file is already uptodate.


pdfTeX warning: /usr/bin/pdflatex (file ./figs/specs-eps-converted-to.pdf): PDF
 inclusion: found PDF version <1.7>, but at most version <1.5> allowed
<./figs/specs-eps-converted-to.pdf, id=19, 462.52798pt x 346.89601pt>
File: ./figs/specs-eps-converted-to.pdf Graphic file (type pdf)

<use ./figs/specs-eps-converted-to.pdf>
Package pdftex.def Info: ./figs/specs-eps-converted-to.pdf used on input line 9
5.
(pdftex.def)             Requested size: 426.79134pt x 320.11156pt.

Overfull \hbox (81.79134pt too wide) in paragraph at lines 95--96
[][] 
 []

[2] [3 <./figs/para_plot-eps-converted-to.pdf>] [4 <./figs/specs-eps-converted-
to.pdf>]
Package epstopdf Info: Source file: <./figs/iir-lowpass-analog.eps>
(epstopdf)                    date: 2021-04-25 00:12:40
(epstopdf)                    size: 20981 bytes
(epstopdf)             Output file: <./figs/iir-lowpass-analog-eps-converted-to
.pdf>
(epstopdf)                    date: 2021-04-25 00:13:07
(epstopdf)                    size: 11367 bytes
(epstopdf)             Command: <repstopdf --outfile=./figs/iir-lowpass-analog-
eps-converted-to.pdf ./figs/iir-lowpass-analog.eps>
(epstopdf)             \includegraphics on input line 131.
Package epstopdf Info: Output file is already uptodate.


pdfTeX warning: /usr/bin/pdflatex (file ./figs/iir-lowpass-analog-eps-converted
-to.pdf): PDF inclusion: found PDF version <1.7>, but at most version <1.5> all
owed

<./figs/iir-lowpass-analog-eps-converted-to.pdf, id=100, 462.52798pt x 346.8960
1pt>
File: ./figs/iir-lowpass-analog-eps-converted-to.pdf Graphic file (type pdf)
 <use ./figs/iir-lowpass-analog-eps-converted-to.pdf>
Package pdftex.def Info: ./figs/iir-lowpass-analog-eps-converted-to.pdf used on
 input line 131.
(pdftex.def)             Requested size: 426.79134pt x 320.11156pt.

Overfull \hbox (81.79134pt too wide) in paragraph at lines 131--132
[][] 
 []

Package epstopdf Info: Source file: <./figs/iir-bandpass-analog.eps>
(epstopdf)                    date: 2021-04-25 00:12:40
(epstopdf)                    size: 18102 bytes
(epstopdf)             Output file: <./figs/iir-bandpass-analog-eps-converted-t
o.pdf>
(epstopdf)                    date: 2021-04-25 00:13:08
(epstopdf)                    size: 10373 bytes
(epstopdf)             Command: <repstopdf --outfile=./figs/iir-bandpass-analog
-eps-converted-to.pdf ./figs/iir-bandpass-analog.eps>
(epstopdf)             \includegraphics on input line 154.
Package epstopdf Info: Output file is already uptodate.


pdfTeX warning: /usr/bin/pdflatex (file ./figs/iir-bandpass-analog-eps-converte
d-to.pdf): PDF inclusion: found PDF version <1.7>, but at most version <1.5> al
lowed

<./figs/iir-bandpass-analog-eps-converted-to.pdf, id=101, 462.52798pt x 346.896
01pt>
File: ./figs/iir-bandpass-analog-eps-converted-to.pdf Graphic file (type pdf)
 <use ./figs/iir-bandpass-analog-eps-converted-to.pdf>
Package pdftex.def Info: ./figs/iir-bandpass-analog-eps-converted-to.pdf used o
n input line 154.
(pdftex.def)             Requested size: 426.79134pt x 320.11156pt.

Overfull \hbox (81.79134pt too wide) in paragraph at lines 154--155
[][] 
 []

[5] [6 <./figs/iir-lowpass-analog-eps-converted-to.pdf>] [7 <./figs/iir-bandpas
s-analog-eps-converted-to.pdf>]
Package epstopdf Info: Source file: <./figs/iir-bandpass-dig.eps>
(epstopdf)                    date: 2021-04-25 00:12:40
(epstopdf)                    size: 21820 bytes
(epstopdf)             Output file: <./figs/iir-bandpass-dig-eps-converted-to.p
df>
(epstopdf)                    date: 2021-04-25 00:13:08
(epstopdf)                    size: 12095 bytes
(epstopdf)             Command: <repstopdf --outfile=./figs/iir-bandpass-dig-ep
s-converted-to.pdf ./figs/iir-bandpass-dig.eps>
(epstopdf)             \includegraphics on input line 184.
Package epstopdf Info: Output file is already uptodate.


pdfTeX warning: /usr/bin/pdflatex (file ./figs/iir-bandpass-dig-eps-converted-t
o.pdf): PDF inclusion: found PDF version <1.7>, but at most version <1.5> allow
ed

<./figs/iir-bandpass-dig-eps-converted-to.pdf, id=164, 462.52798pt x 346.89601p
t>
File: ./figs/iir-bandpass-dig-eps-converted-to.pdf Graphic file (type pdf)
 <use ./figs/iir-bandpass-dig-eps-converted-to.pdf>
Package pdftex.def Info: ./figs/iir-bandpass-dig-eps-converted-to.pdf used on i
nput line 184.
(pdftex.def)             Requested size: 426.79134pt x 320.11156pt.

Overfull \hbox (81.79134pt too wide) in paragraph at lines 184--185
[][] 
 []

[8 <./figs/iir-bandpass-dig-eps-converted-to.pdf>] [9]
Package epstopdf Info: Source file: <./figs/fir-lowpass.eps>
(epstopdf)                    date: 2021-04-25 00:12:57
(epstopdf)                    size: 19111 bytes
(epstopdf)             Output file: <./figs/fir-lowpass-eps-converted-to.pdf>
(epstopdf)                    date: 2021-04-25 00:13:09
(epstopdf)                    size: 11498 bytes
(epstopdf)             Command: <repstopdf --outfile=./figs/fir-lowpass-eps-con
verted-to.pdf ./figs/fir-lowpass.eps>
(epstopdf)             \includegraphics on input line 257.
Package epstopdf Info: Output file is already uptodate.


pdfTeX warning: /usr/bin/pdflatex (file ./figs/fir-lowpass-eps-converted-to.pdf
): PDF inclusion: found PDF version <1.7>, but at most version <1.5> allowed
<./figs/fir-lowpass-eps-converted-to.pdf, id=199, 462.52798pt x 346.89601pt>
File: ./figs/fir-lowpass-eps-converted-to.pdf Graphic file (type pdf)

<use ./figs/fir-lowpass-eps-converted-to.pdf>
Package pdftex.def Info: ./figs/fir-lowpass-eps-converted-to.pdf used on input 
line 257.
(pdftex.def)             Requested size: 426.79134pt x 320.11156pt.

Overfull \hbox (81.79134pt too wide) in paragraph at lines 257--258
[][] 
 []

[10 <./figs/fir-lowpass-eps-converted-to.pdf>]
Package epstopdf Info: Source file: <./figs/fir-bandpass.eps>
(epstopdf)                    date: 2021-04-25 00:12:57
(epstopdf)                    size: 19858 bytes
(epstopdf)             Output file: <./figs/fir-bandpass-eps-converted-to.pdf>
(epstopdf)                    date: 2021-04-25 00:13:09
(epstopdf)                    size: 11872 bytes
(epstopdf)             Command: <repstopdf --outfile=./figs/fir-bandpass-eps-co
nverted-to.pdf ./figs/fir-bandpass.eps>
(epstopdf)             \includegraphics on input line 278.
Package epstopdf Info: Output file is already uptodate.


pdfTeX warning: /usr/bin/pdflatex (file ./figs/fir-bandpass-eps-converted-to.pd
f): PDF inclusion: found PDF version <1.7>, but at most version <1.5> allowed
<./figs/fir-bandpass-eps-converted-to.pdf, id=231, 462.52798pt x 346.89601pt>
File: ./figs/fir-bandpass-eps-converted-to.pdf Graphic file (type pdf)

<use ./figs/fir-bandpass-eps-converted-to.pdf>
Package pdftex.def Info: ./figs/fir-bandpass-eps-converted-to.pdf used on input
 line 278.
(pdftex.def)             Requested size: 426.79134pt x 320.11156pt.

Overfull \hbox (81.79134pt too wide) in paragraph at lines 278--279
[][] 
 []

[11] [12 <./figs/fir-bandpass-eps-converted-to.pdf>] (./ee18btech11038.aux) ) 
Here is how much of TeX's memory you used:
 1566 strings out of 493029
 23162 string characters out of 6136234
 84712 words of memory out of 5000000
 5101 multiletter control sequences out of 15000+600000
 7933 words of font info for 28 fonts, out of 8000000 for 9000
 1141 hyphenation exceptions out of 8191
 37i,12n,23p,535b,291s stack positions out of 5000i,500n,10000p,200000b,80000s
</
usr/share/texlive/texmf-dist/fonts/type1/public/amsfonts/cm/cmbx12.pfb></usr/sh
are/texlive/texmf-dist/fonts/type1/public/amsfonts/cm/cmex10.pfb></usr/share/te
xlive/texmf-dist/fonts/type1/public/amsfonts/cm/cmmi10.pfb></usr/share/texlive/
texmf-dist/fonts/type1/public/amsfonts/cm/cmmi5.pfb></usr/share/texlive/texmf-d
ist/fonts/type1/public/amsfonts/cm/cmmi7.pfb></usr/share/texlive/texmf-dist/fon
ts/type1/public/amsfonts/cm/cmr10.pfb></usr/share/texlive/texmf-dist/fonts/type
1/public/amsfonts/cm/cmr12.pfb></usr/share/texlive/texmf-dist/fonts/type1/publi
c/amsfonts/cm/cmr17.pfb></usr/share/texlive/texmf-dist/fonts/type1/public/amsfo
nts/cm/cmr5.pfb></usr/share/texlive/texmf-dist/fonts/type1/public/amsfonts/cm/c
mr7.pfb></usr/share/texlive/texmf-dist/fonts/type1/public/amsfonts/cm/cmsy10.pf
b></usr/share/texlive/texmf-dist/fonts/type1/public/amsfonts/cm/cmsy5.pfb></usr
/share/texlive/texmf-dist/fonts/type1/public/amsfonts/cm/cmsy7.pfb></usr/share/
texlive/texmf-dist/fonts/type1/public/amsfonts/cm/cmti10.pfb>
Output written on ee18btech11038.pdf (12 pages, 268631 bytes).
PDF statistics:
 312 PDF objects out of 1000 (max. 8388607)
 116 compressed objects within 2 object streams
 0 named destinations out of 1000 (max. 500000)
 36 words of extra memory for PDF output out of 10000 (max. 10000000)

